TN:
SF:script/ESGID.s.sol
DA:10,0
FN:10,ESGIDScript.setUp
FNDA:0,ESGIDScript.setUp
DA:11,0
DA:14,0
FN:14,ESGIDScript.run
FNDA:0,ESGIDScript.run
DA:16,0
DA:17,0
DA:19,0
DA:20,0
DA:21,0
DA:23,0
DA:26,0
DA:27,0
DA:28,0
DA:29,0
DA:31,0
FNF:2
FNH:0
LF:14
LH:0
BRF:0
BRH:0
end_of_record
TN:
SF:src/ESGID.sol
DA:13,5
FN:13,ESGID.constructor
FNDA:5,ESGID.constructor
DA:14,5
DA:15,5
DA:17,5
FN:17,ESGID.mint
FNDA:5,ESGID.mint
DA:19,5
DA:21,5
DA:22,5
DA:25,5
DA:27,5
DA:30,2
FN:30,ESGID.onlyOwner
FNDA:2,ESGID.onlyOwner
DA:31,2
BRDA:31,0,0,1
BRDA:31,0,1,1
DA:34,2
FN:34,ESGID.burn
FNDA:2,ESGID.burn
DA:35,1
DA:43,2
FN:43,ESGID._baseURI
FNDA:2,ESGID._baseURI
DA:44,2
DA:47,0
FN:47,ESGID.getBaseURI
FNDA:0,ESGID.getBaseURI
DA:48,0
DA:57,2
FN:57,ESGID.updateNFT
FNDA:2,ESGID.updateNFT
DA:58,2
DA:59,2
DA:69,2
FN:69,ESGID.getURIByDayRevert
FNDA:2,ESGID.getURIByDayRevert
DA:70,2
BRDA:70,1,0,-
BRDA:70,1,1,2
DA:71,2
DA:80,0
FN:80,ESGID.updateHistory
FNDA:0,ESGID.updateHistory
DA:81,2
DA:82,60
DA:84,2
FNF:9
FNH:7
LF:27
LH:24
BRF:4
BRH:3
end_of_record
TN:
SF:src/Performance.sol
DA:12,5
FN:12,Performance.constructor
FNDA:5,Performance.constructor
DA:13,5
DA:14,5
DA:16,5
FN:16,Performance.mint
FNDA:5,Performance.mint
DA:18,5
DA:20,5
DA:21,5
DA:24,5
DA:26,5
DA:29,2
FN:29,Performance.onlyOwner
FNDA:2,Performance.onlyOwner
DA:30,2
BRDA:30,0,0,1
BRDA:30,0,1,1
DA:33,2
FN:33,Performance.burn
FNDA:2,Performance.burn
DA:34,1
DA:42,2
FN:42,Performance._baseURI
FNDA:2,Performance._baseURI
DA:43,2
DA:46,0
FN:46,Performance.getBaseURI
FNDA:0,Performance.getBaseURI
DA:47,0
DA:56,2
FN:56,Performance.updateNFT
FNDA:2,Performance.updateNFT
DA:57,2
DA:58,2
DA:68,2
FN:68,Performance.getURIByDayRevert
FNDA:2,Performance.getURIByDayRevert
DA:69,2
BRDA:69,1,0,-
BRDA:69,1,1,2
DA:70,2
DA:79,0
FN:79,Performance.updateHistory
FNDA:0,Performance.updateHistory
DA:80,2
DA:81,18
DA:83,2
FNF:9
FNH:7
LF:27
LH:24
BRF:4
BRH:3
end_of_record
