TN:
SF:script/ESGID.s.sol
DA:11,0
FN:11,ESGIDScript.setUp
FNDA:0,ESGIDScript.setUp
DA:12,0
DA:15,0
FN:15,ESGIDScript.run
FNDA:0,ESGIDScript.run
DA:16,0
DA:17,0
DA:19,0
DA:20,0
DA:21,0
DA:23,0
DA:26,0
DA:27,0
DA:28,0
DA:29,0
DA:31,0
FNF:2
FNH:0
LF:14
LH:0
BRF:0
BRH:0
end_of_record
TN:
SF:src/ESGID.sol
DA:13,9
FN:13,ESGID.constructor
FNDA:9,ESGID.constructor
DA:14,9
DA:15,9
DA:18,8
FN:18,ESGID.mint
FNDA:8,ESGID.mint
DA:20,8
DA:22,8
DA:23,8
DA:26,8
DA:28,8
DA:31,2
FN:31,ESGID.onlyOwner
FNDA:2,ESGID.onlyOwner
DA:32,2
BRDA:32,0,0,1
BRDA:32,0,1,1
DA:36,2
FN:36,ESGID.burn
FNDA:2,ESGID.burn
DA:37,1
DA:45,3
FN:45,ESGID._baseURI
FNDA:3,ESGID._baseURI
DA:46,3
DA:49,1
FN:49,ESGID.getBaseURI
FNDA:1,ESGID.getBaseURI
DA:50,1
DA:59,3
FN:59,ESGID.updateNFT
FNDA:3,ESGID.updateNFT
DA:60,3
DA:61,3
DA:71,16
FN:71,ESGID.getURIByDayRevert
FNDA:16,ESGID.getURIByDayRevert
DA:72,16
BRDA:72,1,0,1
BRDA:72,1,1,15
DA:73,15
DA:82,38
FN:82,ESGID.updateHistory
FNDA:38,ESGID.updateHistory
DA:83,41
DA:84,1230
DA:86,41
FNF:9
FNH:9
LF:27
LH:27
BRF:4
BRH:4
end_of_record
TN:
SF:src/Performance.sol
DA:12,9
FN:12,Performance.constructor
FNDA:9,Performance.constructor
DA:13,9
DA:14,9
DA:17,8
FN:17,Performance.mint
FNDA:8,Performance.mint
DA:19,8
DA:21,8
DA:22,8
DA:25,8
DA:27,8
DA:30,2
FN:30,Performance.onlyOwner
FNDA:2,Performance.onlyOwner
DA:31,2
BRDA:31,0,0,1
BRDA:31,0,1,1
DA:35,2
FN:35,Performance.burn
FNDA:2,Performance.burn
DA:36,1
DA:44,3
FN:44,Performance._baseURI
FNDA:3,Performance._baseURI
DA:45,3
DA:48,1
FN:48,Performance.getBaseURI
FNDA:1,Performance.getBaseURI
DA:49,1
DA:58,3
FN:58,Performance.updateNFT
FNDA:3,Performance.updateNFT
DA:59,3
DA:60,3
DA:70,17
FN:70,Performance.getURIByDayRevert
FNDA:17,Performance.getURIByDayRevert
DA:71,17
BRDA:71,1,0,1
BRDA:71,1,1,16
DA:72,16
DA:81,18
FN:81,Performance.updateHistory
FNDA:18,Performance.updateHistory
DA:82,21
DA:83,189
DA:85,21
FNF:9
FNH:9
LF:27
LH:27
BRF:4
BRH:4
end_of_record
